0 info it worked if it ends with ok
1 verbose cli [ '/usr/local/Cellar/node/0.10.24/bin/node',
1 verbose cli   '/usr/local/bin/npm',
1 verbose cli   'install',
1 verbose cli   'scrollReveal',
1 verbose cli   '--save-dev' ]
2 info using npm@1.3.21
3 info using node@v0.10.24
4 verbose readDependencies using package.json deps
5 verbose cache add [ 'scrollReveal', null ]
6 verbose cache add name=undefined spec="scrollReveal" args=["scrollReveal",null]
7 verbose parsed url { protocol: null,
7 verbose parsed url   slashes: null,
7 verbose parsed url   auth: null,
7 verbose parsed url   host: null,
7 verbose parsed url   port: null,
7 verbose parsed url   hostname: null,
7 verbose parsed url   hash: null,
7 verbose parsed url   search: null,
7 verbose parsed url   query: null,
7 verbose parsed url   pathname: 'scrollReveal',
7 verbose parsed url   path: 'scrollReveal',
7 verbose parsed url   href: 'scrollReveal' }
8 silly lockFile 92063397-scrollReveal scrollReveal
9 verbose lock scrollReveal /Users/jo/.npm/92063397-scrollReveal.lock
10 silly lockFile 92063397-scrollReveal scrollReveal
11 silly lockFile 92063397-scrollReveal scrollReveal
12 verbose addNamed [ 'scrollReveal', '' ]
13 verbose addNamed [ null, '*' ]
14 silly lockFile 84257655-scrollReveal scrollReveal@
15 verbose lock scrollReveal@ /Users/jo/.npm/84257655-scrollReveal.lock
16 silly addNameRange { name: 'scrollReveal', range: '*', hasData: false }
17 verbose url raw scrollReveal
18 verbose url resolving [ 'https://registry.npmjs.org/', './scrollReveal' ]
19 verbose url resolved https://registry.npmjs.org/scrollReveal
20 info trying registry request attempt 1 at 17:03:33
21 http GET https://registry.npmjs.org/scrollReveal
22 http 404 https://registry.npmjs.org/scrollReveal
23 silly registry.get cb [ 404,
23 silly registry.get   { date: 'Sun, 15 Mar 2015 16:03:32 GMT',
23 silly registry.get     server: 'CouchDB/1.5.0 (Erlang OTP/R16B03)',
23 silly registry.get     'content-type': 'application/json',
23 silly registry.get     'cache-control': 'max-age=0',
23 silly registry.get     'content-length': '52',
23 silly registry.get     'accept-ranges': 'bytes',
23 silly registry.get     via: '1.1 varnish',
23 silly registry.get     age: '0',
23 silly registry.get     'x-served-by': 'cache-fra1241-FRA',
23 silly registry.get     'x-cache': 'MISS',
23 silly registry.get     'x-cache-hits': '0',
23 silly registry.get     'x-timer': 'S1426435412.414565,VS0,VE445',
23 silly registry.get     'keep-alive': 'timeout=10, max=50',
23 silly registry.get     connection: 'Keep-Alive' } ]
24 silly lockFile 84257655-scrollReveal scrollReveal@
25 silly lockFile 84257655-scrollReveal scrollReveal@
26 error 404 'scrollReveal' is not in the npm registry.
26 error 404 You should bug the author to publish it
26 error 404
26 error 404 Note that you can also install from a
26 error 404 tarball, folder, or http url, or git url.
27 error System Darwin 14.1.0
28 error command "/usr/local/Cellar/node/0.10.24/bin/node" "/usr/local/bin/npm" "install" "scrollReveal" "--save-dev"
29 error cwd /Users/jo/Github/joao.pt
30 error node -v v0.10.24
31 error npm -v 1.3.21
32 error code E404
33 verbose exit [ 1, true ]
